Content-Type: multipart/alternative;
 boundary="===============8314275692564019047=="
MIME-Version: 1.0
Subject: Profile activation
From: test@example.com
To: kgc.dream2019@gmail.com
Date: Fri, 13 Mar 2020 03:18:05 -0000
Message-ID: <158406948572.28996.13282149419089705560@DESKTOP-0T6NSH1>

--===============8314275692564019047==
Content-Type: text/plain; charset="utf-8"
MIME-Version: 1.0
Content-Transfer-Encoding: 7bit



To activate your profile, please follow this link:

http://127.0.0.1:8000/accounts/activate/G4d1BV3PP7DvNuuc5Mc1/

--===============8314275692564019047==
Content-Type: text/html; charset="utf-8"
MIME-Version: 1.0
Content-Transfer-Encoding: 7bit



<!DOCTYPE html PUBLIC "-//W3C//DTD XHTML 1.0 Transitional//EN"
        "http://www.w3.org/TR/xhtml1/DTD/xhtml1-transitional.dtd">
<html xmlns="http://www.w3.org/1999/xhtml">
<head>
    <meta http-equiv="Content-Type" content="text/html; charset=UTF-8"/>
    <title>Profile activation</title>
    <meta name="viewport" content="width=device-width, initial-scale=1.0"/>
</head>

<body>

<p>
    To activate your profile, please follow this link:
</p>

<p>
    <a href="http://127.0.0.1:8000/accounts/activate/G4d1BV3PP7DvNuuc5Mc1/">http://127.0.0.1:8000/accounts/activate/G4d1BV3PP7DvNuuc5Mc1/</a>
</p>

</body>

</html>

--===============8314275692564019047==--

-------------------------------------------------------------------------------
