Content-Type: multipart/alternative;
 boundary="===============4378810016153228666=="
MIME-Version: 1.0
Subject: Profile activation
From: test@example.com
To: margaret.brooks@gmail.com
Date: Wed, 18 Mar 2020 00:24:47 -0000
Message-ID: <158449108710.18700.9133068913079849661@DESKTOP-0T6NSH1>

--===============4378810016153228666==
Content-Type: text/plain; charset="utf-8"
MIME-Version: 1.0
Content-Transfer-Encoding: 7bit



To activate your profile, please follow this link:

http://127.0.0.1:8000/accounts/activate/Drh9DiIYPRevqKwaL7BJ/

--===============4378810016153228666==
Content-Type: text/html; charset="utf-8"
MIME-Version: 1.0
Content-Transfer-Encoding: 7bit



<!DOCTYPE html PUBLIC "-//W3C//DTD XHTML 1.0 Transitional//EN"
        "http://www.w3.org/TR/xhtml1/DTD/xhtml1-transitional.dtd">
<html xmlns="http://www.w3.org/1999/xhtml">
<head>
    <meta http-equiv="Content-Type" content="text/html; charset=UTF-8"/>
    <title>Profile activation</title>
    <meta name="viewport" content="width=device-width, initial-scale=1.0"/>
</head>

<body>

<p>
    To activate your profile, please follow this link:
</p>

<p>
    <a href="http://127.0.0.1:8000/accounts/activate/Drh9DiIYPRevqKwaL7BJ/">http://127.0.0.1:8000/accounts/activate/Drh9DiIYPRevqKwaL7BJ/</a>
</p>

</body>

</html>

--===============4378810016153228666==--

-------------------------------------------------------------------------------
