Content-Type: multipart/alternative;
 boundary="===============6955951335588431823=="
MIME-Version: 1.0
Subject: Profile activation
From: test@example.com
To: benjamin.russell@charter.net
Date: Tue, 17 Mar 2020 01:15:58 -0000
Message-ID: <158440775817.16216.11666692360745436578@DESKTOP-0T6NSH1>

--===============6955951335588431823==
Content-Type: text/plain; charset="utf-8"
MIME-Version: 1.0
Content-Transfer-Encoding: 7bit



To activate your profile, please follow this link:

http://127.0.0.1:8000/accounts/activate/ypvLQ8mq8mnCqHpl6OZt/

--===============6955951335588431823==
Content-Type: text/html; charset="utf-8"
MIME-Version: 1.0
Content-Transfer-Encoding: 7bit



<!DOCTYPE html PUBLIC "-//W3C//DTD XHTML 1.0 Transitional//EN"
        "http://www.w3.org/TR/xhtml1/DTD/xhtml1-transitional.dtd">
<html xmlns="http://www.w3.org/1999/xhtml">
<head>
    <meta http-equiv="Content-Type" content="text/html; charset=UTF-8"/>
    <title>Profile activation</title>
    <meta name="viewport" content="width=device-width, initial-scale=1.0"/>
</head>

<body>

<p>
    To activate your profile, please follow this link:
</p>

<p>
    <a href="http://127.0.0.1:8000/accounts/activate/ypvLQ8mq8mnCqHpl6OZt/">http://127.0.0.1:8000/accounts/activate/ypvLQ8mq8mnCqHpl6OZt/</a>
</p>

</body>

</html>

--===============6955951335588431823==--

-------------------------------------------------------------------------------
