Content-Type: multipart/alternative;
 boundary="===============0453764325947002455=="
MIME-Version: 1.0
Subject: Profile activation
From: test@example.com
To: brenda.butler@gmail.com
Date: Mon, 30 Mar 2020 18:16:21 -0000
Message-ID: 
 <158559218103.20424.9408860973663862381@DESKTOP-MMRDJAQ.tb.shawcable.net>

--===============0453764325947002455==
Content-Type: text/plain; charset="utf-8"
MIME-Version: 1.0
Content-Transfer-Encoding: 7bit



To activate your profile, please follow this link:

http://127.0.0.1:8000/accounts/activate/tjVRxVba6WHAf6iEsPTq/

--===============0453764325947002455==
Content-Type: text/html; charset="utf-8"
MIME-Version: 1.0
Content-Transfer-Encoding: 7bit



<!DOCTYPE html PUBLIC "-//W3C//DTD XHTML 1.0 Transitional//EN"
        "http://www.w3.org/TR/xhtml1/DTD/xhtml1-transitional.dtd">
<html xmlns="http://www.w3.org/1999/xhtml">
<head>
    <meta http-equiv="Content-Type" content="text/html; charset=UTF-8"/>
    <title>Profile activation</title>
    <meta name="viewport" content="width=device-width, initial-scale=1.0"/>
</head>

<body>

<p>
    To activate your profile, please follow this link:
</p>

<p>
    <a href="http://127.0.0.1:8000/accounts/activate/tjVRxVba6WHAf6iEsPTq/">http://127.0.0.1:8000/accounts/activate/tjVRxVba6WHAf6iEsPTq/</a>
</p>

</body>

</html>

--===============0453764325947002455==--

-------------------------------------------------------------------------------
