Content-Type: multipart/alternative;
 boundary="===============5597600633903687489=="
MIME-Version: 1.0
Subject: Profile activation
From: test@example.com
To: cheryl.scott@gmail.com
Date: Wed, 18 Mar 2020 02:35:55 -0000
Message-ID: <158449895539.12768.10715079392067892329@LAPTOP-BDIQVNIR>

--===============5597600633903687489==
Content-Type: text/plain; charset="utf-8"
MIME-Version: 1.0
Content-Transfer-Encoding: 7bit



To activate your profile, please follow this link:

http://127.0.0.1:8000/accounts/activate/FH1gpR9Ys6s3Vd75Lyi9/

--===============5597600633903687489==
Content-Type: text/html; charset="utf-8"
MIME-Version: 1.0
Content-Transfer-Encoding: 7bit



<!DOCTYPE html PUBLIC "-//W3C//DTD XHTML 1.0 Transitional//EN"
        "http://www.w3.org/TR/xhtml1/DTD/xhtml1-transitional.dtd">
<html xmlns="http://www.w3.org/1999/xhtml">
<head>
    <meta http-equiv="Content-Type" content="text/html; charset=UTF-8"/>
    <title>Profile activation</title>
    <meta name="viewport" content="width=device-width, initial-scale=1.0"/>
</head>

<body>

<p>
    To activate your profile, please follow this link:
</p>

<p>
    <a href="http://127.0.0.1:8000/accounts/activate/FH1gpR9Ys6s3Vd75Lyi9/">http://127.0.0.1:8000/accounts/activate/FH1gpR9Ys6s3Vd75Lyi9/</a>
</p>

</body>

</html>

--===============5597600633903687489==--

-------------------------------------------------------------------------------
