Content-Type: multipart/alternative;
 boundary="===============3685642677565744009=="
MIME-Version: 1.0
Subject: Profile activation
From: test@example.com
To: brenda.robinson@gmail.com
Date: Sat, 14 Mar 2020 16:04:20 -0000
Message-ID: <158420186079.17824.8931199083962645061@DESKTOP-0T6NSH1>

--===============3685642677565744009==
Content-Type: text/plain; charset="utf-8"
MIME-Version: 1.0
Content-Transfer-Encoding: 7bit



To activate your profile, please follow this link:

http://127.0.0.1:8000/accounts/activate/GINjYyLmVpRX4Qf9z0e2/

--===============3685642677565744009==
Content-Type: text/html; charset="utf-8"
MIME-Version: 1.0
Content-Transfer-Encoding: 7bit



<!DOCTYPE html PUBLIC "-//W3C//DTD XHTML 1.0 Transitional//EN"
        "http://www.w3.org/TR/xhtml1/DTD/xhtml1-transitional.dtd">
<html xmlns="http://www.w3.org/1999/xhtml">
<head>
    <meta http-equiv="Content-Type" content="text/html; charset=UTF-8"/>
    <title>Profile activation</title>
    <meta name="viewport" content="width=device-width, initial-scale=1.0"/>
</head>

<body>

<p>
    To activate your profile, please follow this link:
</p>

<p>
    <a href="http://127.0.0.1:8000/accounts/activate/GINjYyLmVpRX4Qf9z0e2/">http://127.0.0.1:8000/accounts/activate/GINjYyLmVpRX4Qf9z0e2/</a>
</p>

</body>

</html>

--===============3685642677565744009==--

-------------------------------------------------------------------------------
