Content-Type: multipart/alternative;
 boundary="===============0507262738995557310=="
MIME-Version: 1.0
Subject: Profile activation
From: test@example.com
To: lois.walker@hotmail.com
Date: Sat, 14 Mar 2020 16:03:01 -0000
Message-ID: <158420178158.17824.8399103633259713047@DESKTOP-0T6NSH1>

--===============0507262738995557310==
Content-Type: text/plain; charset="utf-8"
MIME-Version: 1.0
Content-Transfer-Encoding: 7bit



To activate your profile, please follow this link:

http://127.0.0.1:8000/accounts/activate/DkIuM2WWeDWKGMTxcPJR/

--===============0507262738995557310==
Content-Type: text/html; charset="utf-8"
MIME-Version: 1.0
Content-Transfer-Encoding: 7bit



<!DOCTYPE html PUBLIC "-//W3C//DTD XHTML 1.0 Transitional//EN"
        "http://www.w3.org/TR/xhtml1/DTD/xhtml1-transitional.dtd">
<html xmlns="http://www.w3.org/1999/xhtml">
<head>
    <meta http-equiv="Content-Type" content="text/html; charset=UTF-8"/>
    <title>Profile activation</title>
    <meta name="viewport" content="width=device-width, initial-scale=1.0"/>
</head>

<body>

<p>
    To activate your profile, please follow this link:
</p>

<p>
    <a href="http://127.0.0.1:8000/accounts/activate/DkIuM2WWeDWKGMTxcPJR/">http://127.0.0.1:8000/accounts/activate/DkIuM2WWeDWKGMTxcPJR/</a>
</p>

</body>

</html>

--===============0507262738995557310==--

-------------------------------------------------------------------------------
