Content-Type: multipart/alternative;
 boundary="===============3366654604669260233=="
MIME-Version: 1.0
Subject: Profile activation
From: test@example.com
To: joan.stewart@yahoo.com
Date: Sat, 28 Mar 2020 20:39:46 -0000
Message-ID: <158542798697.17112.9646907499558042912@LAPTOP-BDIQVNIR>

--===============3366654604669260233==
Content-Type: text/plain; charset="utf-8"
MIME-Version: 1.0
Content-Transfer-Encoding: 7bit



To activate your profile, please follow this link:

http://127.0.0.1:8000/accounts/activate/RQ4SRxHxqVTpLnb7GZBs/

--===============3366654604669260233==
Content-Type: text/html; charset="utf-8"
MIME-Version: 1.0
Content-Transfer-Encoding: 7bit



<!DOCTYPE html PUBLIC "-//W3C//DTD XHTML 1.0 Transitional//EN"
        "http://www.w3.org/TR/xhtml1/DTD/xhtml1-transitional.dtd">
<html xmlns="http://www.w3.org/1999/xhtml">
<head>
    <meta http-equiv="Content-Type" content="text/html; charset=UTF-8"/>
    <title>Profile activation</title>
    <meta name="viewport" content="width=device-width, initial-scale=1.0"/>
</head>

<body>

<p>
    To activate your profile, please follow this link:
</p>

<p>
    <a href="http://127.0.0.1:8000/accounts/activate/RQ4SRxHxqVTpLnb7GZBs/">http://127.0.0.1:8000/accounts/activate/RQ4SRxHxqVTpLnb7GZBs/</a>
</p>

</body>

</html>

--===============3366654604669260233==--

-------------------------------------------------------------------------------
