Content-Type: multipart/alternative;
 boundary="===============6633931168157636416=="
MIME-Version: 1.0
Subject: Profile activation
From: test@example.com
To: joe.robinson@gmail.com
Date: Sat, 14 Mar 2020 16:07:16 -0000
Message-ID: <158420203675.10108.2143327101403150375@DESKTOP-0T6NSH1>

--===============6633931168157636416==
Content-Type: text/plain; charset="utf-8"
MIME-Version: 1.0
Content-Transfer-Encoding: 7bit



To activate your profile, please follow this link:

http://127.0.0.1:8000/accounts/activate/n8KLopqWz6MvsADKdsxH/

--===============6633931168157636416==
Content-Type: text/html; charset="utf-8"
MIME-Version: 1.0
Content-Transfer-Encoding: 7bit



<!DOCTYPE html PUBLIC "-//W3C//DTD XHTML 1.0 Transitional//EN"
        "http://www.w3.org/TR/xhtml1/DTD/xhtml1-transitional.dtd">
<html xmlns="http://www.w3.org/1999/xhtml">
<head>
    <meta http-equiv="Content-Type" content="text/html; charset=UTF-8"/>
    <title>Profile activation</title>
    <meta name="viewport" content="width=device-width, initial-scale=1.0"/>
</head>

<body>

<p>
    To activate your profile, please follow this link:
</p>

<p>
    <a href="http://127.0.0.1:8000/accounts/activate/n8KLopqWz6MvsADKdsxH/">http://127.0.0.1:8000/accounts/activate/n8KLopqWz6MvsADKdsxH/</a>
</p>

</body>

</html>

--===============6633931168157636416==--

-------------------------------------------------------------------------------
